<?xml version="1.0" encoding="UTF-8"?>
<testsuites name="TS_demo-01" time="65.281" tests="1" failures="0" errors="0">
   <testsuite name="TS_demo-01" tests="1" failures="0" errors="0" time="65.281" skipped="0" timestamp="2022-12-15 07:06:13" hostname="User - host.docker.internal" id="Test Suites/TS_demo-01">
      <properties>
         <property name="deviceName" value="vivo vivo 1724 (Android 8.1.0)"/>
         <property name="devicePlatform" value=""/>
         <property name="logFolder" value="C:\\Users\\User\\git\\android-testing\\Reports\\20221215_070606\\TS_demo-01\\20221215_070606"/>
         <property name="logFiles" value="C:\\Users\\User\\git\\android-testing\\Reports\\20221215_070606\\TS_demo-01\\20221215_070606\\appium.log, C:\\Users\\User\\git\\android-testing\\Reports\\20221215_070606\\TS_demo-01\\20221215_070606\\execution0.log"/>
         <property name="attachments" value=""/>
         <property name="hostName" value="User - host.docker.internal"/>
         <property name="os" value="Windows 10 64bit"/>
         <property name="appiumServerStatus" value="{&quot;value&quot;:{&quot;build&quot;:{&quot;version&quot;:&quot;1.22.3&quot;}},&quot;sessionId&quot;:null,&quot;status&quot;:0}"/>
         <property name="katalonVersion" value="8.5.2.208"/>
         <property name="deviceOS" value="Android"/>
         <property name="appiumVersion" value="1.22.3"/>
         <property name="deviceModel" value="vivo 1724"/>
         <property name="hostAddress" value="192.168.100.13"/>
         <property name="deviceManufacturer" value="vivo"/>
         <property name="deviceId" value="2bea65c1"/>
         <property name="deviceName" value="vivo vivo 1724 (Android 8.1.0)"/>
         <property name="deviceOSVersion" value="8.1.0"/>
      </properties>
      <testcase name="Test Cases/AMA-02" time="64.546" classname="Test Cases/AMA-02" status="PASSED">
         <system-out><![CDATA[2022-12-15 07:06:14 - [TEST_CASE][PASSED] - Test Cases/AMA-02: Test Cases/AMA-02

2022-12-15 07:06:15 - [TEST_STEP][PASSED] - startApplication("C:\Users\User\git\android-testing\Data Files\android-app\Android-MyDemoAppRN.1.2.0.build-231.apk", true): Started app at: 'C:\Users\User\git\android-testing\Data Files\android-app\Android-MyDemoAppRN.1.2.0.build-231.apk'

2022-12-15 07:06:16 - [MESSAGE][INFO] - Detected NodeJS location: "C:\Program Files\nodejs\node.exe"

2022-12-15 07:06:19 - [MESSAGE][INFO] - Appium server started on port 56,339

2022-12-15 07:07:02 - [MESSAGE][PASSED] - Started app at: 'C:\Users\User\git\android-testing\Data Files\android-app\Android-MyDemoAppRN.1.2.0.build-231.apk'

2022-12-15 07:07:02 - [TEST_STEP][PASSED] - tap(findTestObject("Object Repository/stuff_login/android.widget.FrameLayout"), 0): Tapped on element 'Object Repository/stuff_login/android.widget.FrameLayout'

2022-12-15 07:07:02 - [MESSAGE][WARNING] - Timeout '0' is invalid. Using default page load timeout: '30'

2022-12-15 07:07:05 - [MESSAGE][PASSED] - Tapped on element 'Object Repository/stuff_login/android.widget.FrameLayout'

2022-12-15 07:07:05 - [TEST_STEP][PASSED] - tap(findTestObject("Object Repository/stuff_login/android.widget.ImageView"), 0): Tapped on element 'Object Repository/stuff_login/android.widget.ImageView'

2022-12-15 07:07:05 - [MESSAGE][WARNING] - Timeout '0' is invalid. Using default page load timeout: '30'

2022-12-15 07:07:06 - [MESSAGE][PASSED] - Tapped on element 'Object Repository/stuff_login/android.widget.ImageView'

2022-12-15 07:07:06 - [TEST_STEP][PASSED] - tap(findTestObject("Object Repository/stuff_login/android.widget.TextView - Log In"), 0): Tapped on element 'Object Repository/stuff_login/android.widget.TextView - Log In'

2022-12-15 07:07:06 - [MESSAGE][WARNING] - Timeout '0' is invalid. Using default page load timeout: '30'

2022-12-15 07:07:09 - [MESSAGE][PASSED] - Tapped on element 'Object Repository/stuff_login/android.widget.TextView - Log In'

2022-12-15 07:07:09 - [TEST_STEP][PASSED] - setText(findTestObject("Object Repository/stuff_login/android.widget.EditText"), "bob@example.com", 0): Text 'bob@example.com' has been set to element 'Object Repository/stuff_login/android.widget.EditText'

2022-12-15 07:07:09 - [MESSAGE][WARNING] - Timeout '0' is invalid. Using default page load timeout: '30'

2022-12-15 07:07:11 - [MESSAGE][PASSED] - Text 'bob@example.com' has been set to element 'Object Repository/stuff_login/android.widget.EditText'

2022-12-15 07:07:11 - [TEST_STEP][PASSED] - tap(findTestObject("Object Repository/stuff_login/android.view.ViewGroup"), 0): Tapped on element 'Object Repository/stuff_login/android.view.ViewGroup'

2022-12-15 07:07:11 - [MESSAGE][WARNING] - Timeout '0' is invalid. Using default page load timeout: '30'

2022-12-15 07:07:12 - [MESSAGE][PASSED] - Tapped on element 'Object Repository/stuff_login/android.view.ViewGroup'

2022-12-15 07:07:12 - [TEST_STEP][PASSED] - verifyElementText(findTestObject("stuff_login/android.widget.TextView - Password is required"), "Password is required"): Actual text and expected text of test object 'Object Repository/stuff_login/android.widget.TextView - Password is required' are matched.

2022-12-15 07:07:13 - [MESSAGE][PASSED] - Actual text and expected text of test object 'Object Repository/stuff_login/android.widget.TextView - Password is required' are matched.

2022-12-15 07:07:13 - [TEST_STEP][PASSED] - tap(findTestObject("Object Repository/stuff_login/android.widget.ImageView (1)"), 0): Tapped on element 'Object Repository/stuff_login/android.widget.ImageView (1)'

2022-12-15 07:07:13 - [MESSAGE][WARNING] - Timeout '0' is invalid. Using default page load timeout: '30'

2022-12-15 07:07:14 - [MESSAGE][PASSED] - Tapped on element 'Object Repository/stuff_login/android.widget.ImageView (1)'

2022-12-15 07:07:14 - [TEST_STEP][PASSED] - tap(findTestObject("Object Repository/stuff_login/android.view.ViewGroup (1)"), 0): Tapped on element 'Object Repository/stuff_login/android.view.ViewGroup (1)'

2022-12-15 07:07:14 - [MESSAGE][WARNING] - Timeout '0' is invalid. Using default page load timeout: '30'

2022-12-15 07:07:16 - [MESSAGE][PASSED] - Tapped on element 'Object Repository/stuff_login/android.view.ViewGroup (1)'

2022-12-15 07:07:16 - [TEST_STEP][PASSED] - closeApplication(): Close app successfully

2022-12-15 07:07:18 - [MESSAGE][PASSED] - Close app successfully]]></system-out>
         <system-err><![CDATA[]]></system-err>
      </testcase>
      <system-out><![CDATA[2022-12-15 07:06:13 - [TEST_SUITE][PASSED] - TS_demo-01: Test Cases/AMA-02]]></system-out>
      <system-err><![CDATA[]]></system-err>
   </testsuite>
</testsuites>
